Build started 2013-12-17 19:47:07.
     1>Project "D:\tmp\pp\startowy\Zadanie2 - VS2012.vcxproj" on node 2 (Build target(s)).
     1>ClCompile:
         C:\Program Files (x86)\Microsoft Visual Studio 11.0\VC\bin\CL.exe /c /Zi /nologo /W3 /WX- /O2 /Oi /Oy- /GL /D WIN32 /D NDEBUG /D _WINDOWS /D _USE_MATH_DEFINES /D _UNICODE /D UNICODE /Gm- /EHsc /MD /GS /Gy /fp:precise /Zc:wchar_t /Zc:forScope /Fo"Release\\" /Fd"Release\vc110.pdb" /Gd /TP /analyze- /errorReport:prompt main.cpp
         main.cpp
     1>main.cpp(159): warning C4244: 'initializing' : conversion from 'double' to 'int', possible loss of data
     1>main.cpp(166): warning C4996: 'sprintf': This function or variable may be unsafe. Consider using sprintf_s instead. To disable deprecation, use _CRT_SECURE_NO_WARNINGS. See online help for details.
                 C:\Program Files (x86)\Microsoft Visual Studio 11.0\VC\include\stdio.h(357) : see declaration of 'sprintf'
     1>main.cpp(168): warning C4996: 'sprintf': This function or variable may be unsafe. Consider using sprintf_s instead. To disable deprecation, use _CRT_SECURE_NO_WARNINGS. See online help for details.
                 C:\Program Files (x86)\Microsoft Visual Studio 11.0\VC\include\stdio.h(357) : see declaration of 'sprintf'
     1>main.cpp(185): warning C4244: 'argument' : conversion from 'double' to 'int', possible loss of data
     1>main.cpp(194): warning C4244: 'argument' : conversion from 'double' to 'int', possible loss of data
     1>main.cpp(247): warning C4101: 'angle' : unreferenced local variable
       Link:
         C:\Program Files (x86)\Microsoft Visual Studio 11.0\VC\bin\link.exe /ERRORREPORT:PROMPT /OUT:"D:\tmp\pp\startowy\Release\Zadanie2.exe" /INCREMENTAL:NO /NOLOGO sdl.lib sdlmain.lib kernel32.lib user32.lib gdi32.lib winspool.lib comdlg32.lib advapi32.lib shell32.lib ole32.lib oleaut32.lib uuid.lib odbc32.lib odbccp32.lib /MANIFEST /MANIFESTUAC:"level='asInvoker' uiAccess='false'" /manifest:embed /DEBUG /PDB:"D:\tmp\pp\startowy\Release\Zadanie2.pdb" /SUBSYSTEM:WINDOWS /OPT:REF /OPT:ICF /LTCG /TLBID:1 /DYNAMICBASE /NXCOMPAT /IMPLIB:"D:\tmp\pp\startowy\Release\Zadanie2.lib" /MACHINE:X86 /SAFESEH Release\main.obj
         Generating code
         Finished generating code
         Zadanie2 - VS2012.vcxproj -> D:\tmp\pp\startowy\Release\Zadanie2.exe
     1>Done Building Project "D:\tmp\pp\startowy\Zadanie2 - VS2012.vcxproj" (Build target(s)).

Build succeeded.

Time Elapsed 00:00:00.27
